15:27:19,430  INFO LoginPageSteps:54 - заполнить поле имя
15:39:02,189  INFO LoginPageSteps:44 - создание экземпляра loginPage
15:39:07,847  INFO LoginPageSteps:46 - открывается страница https://accounts.google.com
15:39:07,997  INFO LoginPageSteps:56 - поле "имя" заполнено
15:39:08,672  INFO LoginPageSteps:61 - поле "пароль" заполнено
15:48:21,036  INFO LoginPageSteps:44 - создание экземпляра loginPage
15:48:27,049  INFO LoginPageSteps:46 - открывается страница https://accounts.google.com
15:48:27,202  INFO LoginPageSteps:56 - поле "имя" заполнено
15:48:27,939  INFO LoginPageSteps:61 - поле "пароль" заполнено
15:48:43,647  INFO LoginPageSteps:104 - создание экземпляра mainPage
15:49:33,672  INFO LoginPageSteps:44 - создание экземпляра loginPage
15:49:36,563  INFO LoginPageSteps:46 - открывается страница https://accounts.google.com
15:49:36,707  INFO LoginPageSteps:56 - поле "имя" заполнено
15:49:37,521  INFO LoginPageSteps:61 - поле "пароль" заполнено
15:49:50,027  INFO LoginPageSteps:104 - создание экземпляра mainPage
15:52:42,187  INFO LoginPageSteps:44 - создание экземпляра loginPage
15:52:47,236  INFO LoginPageSteps:46 - открывается страница https://accounts.google.com
15:52:47,368  INFO LoginPageSteps:56 - поле "имя" заполнено
15:52:48,059  INFO LoginPageSteps:61 - поле "пароль" заполнено
15:53:03,003  INFO LoginPageSteps:104 - создание экземпляра mainPage
15:53:03,164  INFO LoginPageSteps:116 - проверка значения prltes1@gmail.com
15:53:03,164 FATAL LoginPageSteps:117 - asdasdasdasdasd
15:53:28,134  INFO LoginPageSteps:44 - создание экземпляра loginPage
15:53:34,395  INFO LoginPageSteps:46 - открывается страница https://accounts.google.com
15:53:34,526  INFO LoginPageSteps:56 - поле "имя" заполнено
15:53:35,271  INFO LoginPageSteps:61 - поле "пароль" заполнено
15:53:49,217  INFO LoginPageSteps:104 - создание экземпляра mainPage
15:53:49,384  INFO LoginPageSteps:116 - проверка значения prltes1@gmail.com
16:16:16,813  INFO CreateMessageSteps:37 - создание екземпляра mainPage
16:16:25,930  INFO LoginPageSteps:44 - создание экземпляра loginPage
16:16:32,628  INFO LoginPageSteps:46 - открывается страница https://accounts.google.com
16:16:32,755  INFO LoginPageSteps:56 - поле "имя" заполнено
16:16:33,640  INFO LoginPageSteps:61 - поле "пароль" заполнено
16:16:44,679  INFO LoginPageSteps:104 - создание экземпляра mainPage
16:16:47,110  INFO LoginPageSteps:116 - проверка значения prltestmail1@gmail.com
16:24:05,192  INFO LoginPageSteps:44 - создание экземпляра loginPage
16:24:10,656  INFO LoginPageSteps:46 - открывается страница https://accounts.google.com
16:24:10,796  INFO LoginPageSteps:56 - поле "имя" заполнено
16:24:11,563  INFO LoginPageSteps:61 - поле "пароль" заполнено
16:24:25,113  INFO LoginPageSteps:104 - создание экземпляра mainPage
16:24:25,281  INFO LoginPageSteps:116 - проверка значения prltestmail1@gmail.com
16:24:31,042  INFO CreateMessageSteps:37 - создание екземпляра mainPage
16:35:33,069  INFO LoginPageSteps:44 - создание экземпляра loginPage
16:35:40,351  INFO LoginPageSteps:46 - открывается страница https://accounts.google.com
16:35:40,479  INFO LoginPageSteps:56 - поле "имя" заполнено
16:35:41,124  INFO LoginPageSteps:61 - поле "пароль" заполнено
16:35:54,885  INFO LoginPageSteps:104 - создание экземпляра mainPage
16:35:56,021  INFO LoginPageSteps:116 - проверка значения prltestmail1@gmail.com
16:36:01,671  INFO CreateMessageSteps:37 - создание екземпляра mainPage
16:36:50,741  INFO LoginPageSteps:44 - создание экземпляра loginPage
16:36:54,316  INFO LoginPageSteps:46 - открывается страница https://accounts.google.com
16:36:54,450  INFO LoginPageSteps:56 - поле "имя" заполнено
16:36:55,290  INFO LoginPageSteps:61 - поле "пароль" заполнено
16:37:08,176  INFO LoginPageSteps:104 - создание экземпляра mainPage
16:37:09,136  INFO LoginPageSteps:116 - проверка значения prltestmail1@gmail.com
16:37:14,875  INFO CreateMessageSteps:37 - создание екземпляра mainPage
16:37:46,010  INFO LoginPageSteps:44 - создание экземпляра loginPage
16:37:48,289  INFO LoginPageSteps:46 - открывается страница https://accounts.google.com
16:37:48,418  INFO LoginPageSteps:56 - поле "имя" заполнено
16:37:49,308  INFO LoginPageSteps:61 - поле "пароль" заполнено
16:38:04,355  INFO LoginPageSteps:104 - создание экземпляра mainPage
16:38:04,521  INFO LoginPageSteps:116 - проверка значения prltestmail1@gmail.com
16:38:51,011  INFO LoginPageSteps:44 - создание экземпляра loginPage
16:38:53,370  INFO LoginPageSteps:46 - открывается страница https://accounts.google.com
16:38:53,505  INFO LoginPageSteps:56 - поле "имя" заполнено
16:38:54,232  INFO LoginPageSteps:61 - поле "пароль" заполнено
16:39:06,731  INFO LoginPageSteps:104 - создание экземпляра mainPage
16:39:07,721  INFO LoginPageSteps:116 - проверка значения prltestmail1@gmail.com
16:54:34,323  INFO LoginPageSteps:44 - создание экземпляра loginPage
16:54:40,629  INFO LoginPageSteps:46 - открывается страница https://accounts.google.com
16:54:40,763  INFO LoginPageSteps:56 - поле "имя" заполнено
16:54:41,495  INFO LoginPageSteps:61 - поле "пароль" заполнено
16:54:56,513  INFO LoginPageSteps:106 - создание экземпляра mainPage
16:54:56,690  INFO LoginPageSteps:118 - проверка значения prltestmail1@gmail.com
16:54:59,538 FATAL LoginPageSteps:93 - что-то пошло не так в методе clickButton. Значение кнопки создать письмо
17:07:32,602  INFO LoginPageSteps:44 - создание экземпляра loginPage
17:07:38,787  INFO LoginPageSteps:46 - открывается страница https://accounts.google.com
17:07:38,922  INFO LoginPageSteps:56 - поле "имя" заполнено
17:07:39,579  INFO LoginPageSteps:61 - поле "пароль" заполнено
17:07:53,462  INFO LoginPageSteps:106 - создание экземпляра mainPage
17:07:53,651  INFO LoginPageSteps:118 - проверка значения prltestmail1@gmail.com
17:11:59,420  INFO LoginPageSteps:44 - создание экземпляра loginPage
17:12:01,865  INFO LoginPageSteps:46 - открывается страница https://accounts.google.com
17:12:02,003  INFO LoginPageSteps:56 - поле "имя" заполнено
17:12:02,799  INFO LoginPageSteps:61 - поле "пароль" заполнено
17:12:16,838  INFO LoginPageSteps:106 - создание экземпляра mainPage
17:12:17,029  INFO LoginPageSteps:118 - проверка значения prltestmail1@gmail.com
17:19:22,863  INFO LoginPageSteps:44 - создание экземпляра loginPage
17:19:28,362  INFO LoginPageSteps:46 - открывается страница https://accounts.google.com
17:19:28,495  INFO LoginPageSteps:56 - поле "имя" заполнено
17:19:29,207  INFO LoginPageSteps:61 - поле "пароль" заполнено
17:19:44,432  INFO LoginPageSteps:106 - создание экземпляра mainPage
17:19:44,602  INFO LoginPageSteps:118 - проверка значения prltestmail1@gmail.com
17:20:29,994  INFO LoginPageSteps:44 - создание экземпляра loginPage
17:20:33,530  INFO LoginPageSteps:46 - открывается страница https://accounts.google.com
17:20:33,653  INFO LoginPageSteps:56 - поле "имя" заполнено
17:20:34,466  INFO LoginPageSteps:61 - поле "пароль" заполнено
17:20:47,585  INFO LoginPageSteps:106 - создание экземпляра mainPage
17:20:47,750  INFO LoginPageSteps:118 - проверка значения prltestmail1@gmail.com
17:31:10,006  INFO LoginPageSteps:44 - создание экземпляра loginPage
17:31:15,273  INFO LoginPageSteps:46 - открывается страница https://accounts.google.com
17:31:15,411  INFO LoginPageSteps:56 - поле "имя" заполнено
17:31:16,093  INFO LoginPageSteps:61 - поле "пароль" заполнено
17:31:31,607  INFO LoginPageSteps:106 - создание экземпляра mainPage
17:31:31,792  INFO LoginPageSteps:118 - проверка значения prltestmail1@gmail.com
17:35:43,648  INFO LoginPageSteps:44 - создание экземпляра loginPage
17:35:48,802  INFO LoginPageSteps:46 - открывается страница https://accounts.google.com
17:35:48,938  INFO LoginPageSteps:56 - поле "имя" заполнено
17:35:49,641  INFO LoginPageSteps:61 - поле "пароль" заполнено
17:36:03,545  INFO LoginPageSteps:106 - создание экземпляра mainPage
17:36:03,734  INFO LoginPageSteps:118 - проверка значения prltestmail1@gmail.com
17:37:48,526  INFO LoginPageSteps:44 - создание экземпляра loginPage
17:37:51,931  INFO LoginPageSteps:46 - открывается страница https://accounts.google.com
17:37:52,070  INFO LoginPageSteps:56 - поле "имя" заполнено
17:37:52,708  INFO LoginPageSteps:61 - поле "пароль" заполнено
17:38:04,888  INFO LoginPageSteps:106 - создание экземпляра mainPage
17:38:06,994  INFO LoginPageSteps:118 - проверка значения prltestmail1@gmail.com
17:54:35,236  INFO LoginPageSteps:44 - создание экземпляра loginPage
17:54:38,187  INFO LoginPageSteps:46 - открывается страница https://accounts.google.com
17:54:38,323  INFO LoginPageSteps:56 - поле "имя" заполнено
17:54:38,972  INFO LoginPageSteps:61 - поле "пароль" заполнено
17:54:54,374  INFO LoginPageSteps:106 - создание экземпляра mainPage
17:54:54,538  INFO LoginPageSteps:118 - проверка значения prltestmail1@gmail.com
17:54:54,568  INFO LoginPageSteps:126 - создание нового письма
17:56:01,858  INFO LoginPageSteps:44 - создание экземпляра loginPage
17:56:05,103  INFO LoginPageSteps:46 - открывается страница https://accounts.google.com
17:56:05,259  INFO LoginPageSteps:56 - поле "имя" заполнено
17:56:06,082  INFO LoginPageSteps:61 - поле "пароль" заполнено
17:56:17,439  INFO LoginPageSteps:106 - создание экземпляра mainPage
17:56:18,440  INFO LoginPageSteps:118 - проверка значения prltestmail1@gmail.com
17:56:18,472  INFO LoginPageSteps:126 - создание нового письма
17:57:15,309  INFO LoginPageSteps:44 - создание экземпляра loginPage
17:57:17,819  INFO LoginPageSteps:46 - открывается страница https://accounts.google.com
17:57:17,947  INFO LoginPageSteps:56 - поле "имя" заполнено
17:57:18,667  INFO LoginPageSteps:61 - поле "пароль" заполнено
17:57:30,927  INFO LoginPageSteps:106 - создание экземпляра mainPage
17:57:31,097  INFO LoginPageSteps:118 - проверка значения prltestmail1@gmail.com
17:57:31,132  INFO LoginPageSteps:126 - создание нового письма
17:58:39,477  INFO LoginPageSteps:44 - создание экземпляра loginPage
17:58:42,182  INFO LoginPageSteps:46 - открывается страница https://accounts.google.com
17:58:42,308  INFO LoginPageSteps:56 - поле "имя" заполнено
17:58:43,047  INFO LoginPageSteps:61 - поле "пароль" заполнено
17:58:55,356  INFO LoginPageSteps:106 - создание экземпляра mainPage
17:58:55,540  INFO LoginPageSteps:118 - проверка значения prltestmail1@gmail.com
17:58:55,578  INFO LoginPageSteps:126 - создание нового письма
18:00:24,742  INFO LoginPageSteps:44 - создание экземпляра loginPage
18:00:27,253  INFO LoginPageSteps:46 - открывается страница https://accounts.google.com
18:00:27,397  INFO LoginPageSteps:56 - поле "имя" заполнено
18:00:28,160  INFO LoginPageSteps:61 - поле "пароль" заполнено
18:00:40,790  INFO LoginPageSteps:106 - создание экземпляра mainPage
18:00:40,997  INFO LoginPageSteps:118 - проверка значения prltestmail1@gmail.com
18:00:41,036  INFO LoginPageSteps:126 - создание нового письма
18:00:42,338  INFO LoginPageSteps:136 - заполнение поля получатель
18:00:42,501  INFO LoginPageSteps:140 - заполнение поля тема
18:01:47,735  INFO LoginPageSteps:44 - создание экземпляра loginPage
18:01:51,016  INFO LoginPageSteps:46 - открывается страница https://accounts.google.com
18:01:51,196  INFO LoginPageSteps:56 - поле "имя" заполнено
18:01:52,078  INFO LoginPageSteps:61 - поле "пароль" заполнено
18:02:03,760  INFO LoginPageSteps:106 - создание экземпляра mainPage
18:02:04,544  INFO LoginPageSteps:118 - проверка значения prltestmail1@gmail.com
18:02:04,573  INFO LoginPageSteps:126 - создание нового письма
18:02:05,341  INFO LoginPageSteps:136 - заполнение поля получатель
18:02:06,279  INFO LoginPageSteps:140 - заполнение поля тема
18:02:39,410  INFO LoginPageSteps:44 - создание экземпляра loginPage
18:02:42,186  INFO LoginPageSteps:46 - открывается страница https://accounts.google.com
18:02:42,313  INFO LoginPageSteps:56 - поле "имя" заполнено
18:02:43,159  INFO LoginPageSteps:61 - поле "пароль" заполнено
18:02:55,272  INFO LoginPageSteps:106 - создание экземпляра mainPage
18:02:55,449  INFO LoginPageSteps:118 - проверка значения prltestmail1@gmail.com
18:02:55,490  INFO LoginPageSteps:126 - создание нового письма
18:02:56,288  INFO LoginPageSteps:136 - заполнение поля получатель
18:02:57,222  INFO LoginPageSteps:140 - заполнение поля тема
18:03:34,647  INFO LoginPageSteps:44 - создание экземпляра loginPage
18:03:37,688  INFO LoginPageSteps:46 - открывается страница https://accounts.google.com
18:03:37,817  INFO LoginPageSteps:56 - поле "имя" заполнено
18:03:38,559  INFO LoginPageSteps:61 - поле "пароль" заполнено
18:03:50,694  INFO LoginPageSteps:106 - создание экземпляра mainPage
18:03:50,873  INFO LoginPageSteps:118 - проверка значения prltestmail1@gmail.com
18:03:50,915  INFO LoginPageSteps:126 - создание нового письма
18:03:52,086  INFO LoginPageSteps:136 - заполнение поля получатель
18:03:52,226  INFO LoginPageSteps:140 - заполнение поля тема
18:04:56,454  INFO LoginPageSteps:44 - создание экземпляра loginPage
18:05:00,791  INFO LoginPageSteps:46 - открывается страница https://accounts.google.com
18:05:00,926  INFO LoginPageSteps:56 - поле "имя" заполнено
18:05:01,683  INFO LoginPageSteps:61 - поле "пароль" заполнено
18:05:13,591  INFO LoginPageSteps:106 - создание экземпляра mainPage
18:05:14,306  INFO LoginPageSteps:118 - проверка значения prltestmail1@gmail.com
18:05:14,342  INFO LoginPageSteps:126 - создание нового письма
18:14:51,102  INFO LoginPageSteps:44 - создание экземпляра loginPage
18:14:54,668  INFO LoginPageSteps:46 - открывается страница https://accounts.google.com
18:14:54,796  INFO LoginPageSteps:56 - поле "имя" заполнено
18:14:55,483  INFO LoginPageSteps:61 - поле "пароль" заполнено
18:15:08,800  INFO LoginPageSteps:106 - создание экземпляра mainPage
18:15:09,792  INFO LoginPageSteps:118 - проверка значения prltestmail1@gmail.com
18:15:09,826  INFO LoginPageSteps:126 - создание нового письма
18:15:10,633  INFO LoginPageSteps:136 - заполнение поля получатель
18:15:10,773  INFO LoginPageSteps:140 - заполнение поля тема
18:15:23,055  INFO LoginPageSteps:44 - создание экземпляра loginPage
18:15:26,047  INFO LoginPageSteps:46 - открывается страница https://accounts.google.com
18:15:26,189  INFO LoginPageSteps:56 - поле "имя" заполнено
18:15:26,846  INFO LoginPageSteps:61 - поле "пароль" заполнено
18:15:43,258  INFO LoginPageSteps:106 - создание экземпляра mainPage
18:15:44,450  INFO LoginPageSteps:118 - проверка значения prltestmail1@gmail.com
18:15:44,496  INFO LoginPageSteps:126 - создание нового письма
18:15:46,194  INFO LoginPageSteps:136 - заполнение поля получатель
18:15:46,350  INFO LoginPageSteps:140 - заполнение поля тема
22:00:41,972  INFO LoginPageSteps:44 - создание экземпляра loginPage
22:00:45,175  INFO LoginPageSteps:46 - открывается страница https://accounts.google.com
22:00:45,329  INFO LoginPageSteps:56 - поле "имя" заполнено
22:00:45,990  INFO LoginPageSteps:61 - поле "пароль" заполнено
22:00:58,866  INFO LoginPageSteps:106 - создание экземпляра mainPage
22:00:59,055  INFO LoginPageSteps:118 - проверка значения prltestmail1@gmail.com
22:00:59,088  INFO LoginPageSteps:126 - создание нового письма
22:01:00,215  INFO LoginPageSteps:136 - заполнение поля получатель
22:01:00,341  INFO LoginPageSteps:140 - заполнение поля тема
22:10:33,892  INFO LoginPageSteps:44 - создание экземпляра loginPage
22:10:42,606  INFO LoginPageSteps:46 - открывается страница https://accounts.google.com
22:10:42,740  INFO LoginPageSteps:56 - поле "имя" заполнено
22:10:43,521  INFO LoginPageSteps:61 - поле "пароль" заполнено
22:10:55,682  INFO LoginPageSteps:106 - создание экземпляра mainPage
22:10:55,848  INFO LoginPageSteps:118 - проверка значения prltestmail1@gmail.com
22:10:55,885  INFO LoginPageSteps:126 - создание нового письма
22:10:57,043  INFO LoginPageSteps:136 - заполнение поля получатель
22:10:57,171  INFO LoginPageSteps:140 - заполнение поля тема
22:10:57,628  INFO LoginPageSteps:144 - заполнение поля сообщение
22:31:23,748  INFO LoginPageSteps:44 - создание экземпляра loginPage
22:31:35,070  INFO LoginPageSteps:46 - открывается страница https://accounts.google.com
22:31:35,234  INFO LoginPageSteps:56 - поле "имя" заполнено
22:31:35,954  INFO LoginPageSteps:61 - поле "пароль" заполнено
22:31:55,343  INFO LoginPageSteps:106 - создание экземпляра mainPage
22:31:55,820  INFO LoginPageSteps:118 - проверка значения prltestmail1@gmail.com
22:31:55,852  INFO LoginPageSteps:126 - создание нового письма
22:34:50,785  INFO LoginPageSteps:44 - создание экземпляра loginPage
22:34:55,305  INFO LoginPageSteps:46 - открывается страница https://accounts.google.com
22:34:55,442  INFO LoginPageSteps:56 - поле "имя" заполнено
22:34:56,118  INFO LoginPageSteps:61 - поле "пароль" заполнено
22:35:10,019  INFO LoginPageSteps:106 - создание экземпляра mainPage
22:35:10,187  INFO LoginPageSteps:118 - проверка значения prltestmail1@gmail.com
22:35:10,226  INFO LoginPageSteps:126 - создание нового письма
22:35:11,025  INFO LoginPageSteps:136 - заполнение поля получатель
22:35:11,160  INFO LoginPageSteps:140 - заполнение поля тема
22:35:11,571  INFO LoginPageSteps:144 - заполнение поля сообщение
22:35:11,572  INFO LoginPageSteps:154 - проверка поля получатель
22:36:07,117  INFO LoginPageSteps:44 - создание экземпляра loginPage
22:36:10,053  INFO LoginPageSteps:46 - открывается страница https://accounts.google.com
22:36:10,191  INFO LoginPageSteps:56 - поле "имя" заполнено
22:36:10,863  INFO LoginPageSteps:61 - поле "пароль" заполнено
22:36:22,888  INFO LoginPageSteps:106 - создание экземпляра mainPage
22:36:23,805  INFO LoginPageSteps:118 - проверка значения prltestmail1@gmail.com
22:36:23,838  INFO LoginPageSteps:126 - создание нового письма
22:36:24,775  INFO LoginPageSteps:136 - заполнение поля получатель
22:36:24,896  INFO LoginPageSteps:140 - заполнение поля тема
22:36:25,316  INFO LoginPageSteps:144 - заполнение поля сообщение
22:36:25,317  INFO LoginPageSteps:154 - проверка поля получатель
22:37:17,691  INFO LoginPageSteps:44 - создание экземпляра loginPage
22:37:21,894  INFO LoginPageSteps:46 - открывается страница https://accounts.google.com
22:37:22,033  INFO LoginPageSteps:56 - поле "имя" заполнено
22:37:22,683  INFO LoginPageSteps:61 - поле "пароль" заполнено
22:37:34,348  INFO LoginPageSteps:106 - создание экземпляра mainPage
22:37:35,450  INFO LoginPageSteps:118 - проверка значения prltestmail1@gmail.com
22:37:35,481  INFO LoginPageSteps:126 - создание нового письма
22:39:04,583  INFO LoginPageSteps:44 - создание экземпляра loginPage
22:39:07,801  INFO LoginPageSteps:46 - открывается страница https://accounts.google.com
22:39:07,997  INFO LoginPageSteps:56 - поле "имя" заполнено
22:39:08,757  INFO LoginPageSteps:61 - поле "пароль" заполнено
22:39:21,491  INFO LoginPageSteps:106 - создание экземпляра mainPage
22:39:21,674  INFO LoginPageSteps:118 - проверка значения prltestmail1@gmail.com
22:39:21,707  INFO LoginPageSteps:126 - создание нового письма
22:39:22,675  INFO LoginPageSteps:136 - заполнение поля получатель
22:39:22,791  INFO LoginPageSteps:140 - заполнение поля тема
22:39:23,257  INFO LoginPageSteps:144 - заполнение поля сообщение
22:39:23,258  INFO LoginPageSteps:158 - проверка поля тема
22:55:28,366  INFO LoginPageSteps:44 - создание экземпляра loginPage
22:55:31,112  INFO LoginPageSteps:46 - открывается страница https://accounts.google.com
22:55:31,245  INFO LoginPageSteps:56 - поле "имя" заполнено
22:55:31,992  INFO LoginPageSteps:61 - поле "пароль" заполнено
22:55:44,895  INFO LoginPageSteps:106 - создание экземпляра mainPage
22:55:45,861  INFO LoginPageSteps:118 - проверка значения prltestmail1@gmail.com
22:55:45,892  INFO LoginPageSteps:126 - создание нового письма
22:55:46,617  INFO LoginPageSteps:136 - заполнение поля получатель
22:55:46,768  INFO LoginPageSteps:140 - заполнение поля тема
22:55:47,193  INFO LoginPageSteps:144 - заполнение поля сообщение
22:59:03,002  INFO LoginPageSteps:44 - создание экземпляра loginPage
22:59:06,278  INFO LoginPageSteps:46 - открывается страница https://accounts.google.com
22:59:06,420  INFO LoginPageSteps:56 - поле "имя" заполнено
22:59:07,079  INFO LoginPageSteps:61 - поле "пароль" заполнено
22:59:19,307  INFO LoginPageSteps:106 - создание экземпляра mainPage
22:59:19,487  INFO LoginPageSteps:118 - проверка значения prltestmail1@gmail.com
22:59:19,526  INFO LoginPageSteps:126 - создание нового письма
22:59:20,819  INFO LoginPageSteps:136 - заполнение поля получатель
22:59:20,939  INFO LoginPageSteps:140 - заполнение поля тема
22:59:21,379  INFO LoginPageSteps:144 - заполнение поля сообщение
22:59:57,349  INFO LoginPageSteps:44 - создание экземпляра loginPage
22:59:59,717  INFO LoginPageSteps:46 - открывается страница https://accounts.google.com
22:59:59,840  INFO LoginPageSteps:56 - поле "имя" заполнено
23:00:00,575  INFO LoginPageSteps:61 - поле "пароль" заполнено
23:00:12,984  INFO LoginPageSteps:106 - создание экземпляра mainPage
23:00:13,160  INFO LoginPageSteps:118 - проверка значения prltestmail1@gmail.com
23:00:13,194  INFO LoginPageSteps:126 - создание нового письма
23:01:50,595  INFO LoginPageSteps:44 - создание экземпляра loginPage
23:01:53,128  INFO LoginPageSteps:46 - открывается страница https://accounts.google.com
23:01:53,265  INFO LoginPageSteps:56 - поле "имя" заполнено
23:01:53,973  INFO LoginPageSteps:61 - поле "пароль" заполнено
23:02:06,338  INFO LoginPageSteps:106 - создание экземпляра mainPage
23:02:06,549  INFO LoginPageSteps:118 - проверка значения prltestmail1@gmail.com
23:02:06,578  INFO LoginPageSteps:126 - создание нового письма
23:02:07,739  INFO LoginPageSteps:136 - заполнение поля получатель
23:02:07,900  INFO LoginPageSteps:140 - заполнение поля тема
23:02:08,324  INFO LoginPageSteps:144 - заполнение поля сообщение
23:03:04,464  INFO LoginPageSteps:44 - создание экземпляра loginPage
23:03:07,001  INFO LoginPageSteps:46 - открывается страница https://accounts.google.com
23:03:07,124  INFO LoginPageSteps:56 - поле "имя" заполнено
23:03:07,853  INFO LoginPageSteps:61 - поле "пароль" заполнено
23:03:20,213  INFO LoginPageSteps:106 - создание экземпляра mainPage
23:03:20,378  INFO LoginPageSteps:118 - проверка значения prltestmail1@gmail.com
23:03:20,407  INFO LoginPageSteps:126 - создание нового письма
23:03:21,651  INFO LoginPageSteps:136 - заполнение поля получатель
23:03:21,789  INFO LoginPageSteps:140 - заполнение поля тема
23:03:22,226  INFO LoginPageSteps:144 - заполнение поля сообщение
23:03:22,319  INFO LoginPageSteps:157 - переход в раздел "черновики"
23:45:39,642  INFO LoginPageSteps:44 - создание экземпляра loginPage
23:45:43,838  INFO LoginPageSteps:46 - открывается страница https://accounts.google.com
23:45:43,993  INFO LoginPageSteps:56 - поле "имя" заполнено
23:45:44,892  INFO LoginPageSteps:61 - поле "пароль" заполнено
23:45:57,619  INFO LoginPageSteps:106 - создание экземпляра mainPage
23:45:58,965  INFO LoginPageSteps:118 - проверка значения prltestmail1@gmail.com
23:45:58,999  INFO LoginPageSteps:126 - создание нового письма
23:45:59,725  INFO LoginPageSteps:136 - заполнение поля получатель
23:45:59,875  INFO LoginPageSteps:140 - заполнение поля тема
23:46:00,351  INFO LoginPageSteps:144 - заполнение поля сообщение
23:46:00,513  INFO LoginPageSteps:157 - переход в раздел "черновики"
23:54:31,547  INFO LoginPageSteps:44 - создание экземпляра loginPage
23:54:34,089  INFO LoginPageSteps:46 - открывается страница https://accounts.google.com
23:54:34,224  INFO LoginPageSteps:56 - поле "имя" заполнено
23:54:34,982  INFO LoginPageSteps:61 - поле "пароль" заполнено
23:54:47,200  INFO LoginPageSteps:106 - создание экземпляра mainPage
23:54:47,361  INFO LoginPageSteps:118 - проверка значения prltestmail1@gmail.com
23:54:47,393  INFO LoginPageSteps:126 - создание нового письма
23:54:48,502  INFO LoginPageSteps:136 - заполнение поля получатель
23:54:48,622  INFO LoginPageSteps:140 - заполнение поля тема
23:54:49,057  INFO LoginPageSteps:144 - заполнение поля сообщение
23:54:49,157  INFO LoginPageSteps:160 - переход в раздел "черновики"
23:55:58,983  INFO LoginPageSteps:44 - создание экземпляра loginPage
23:56:02,857  INFO LoginPageSteps:46 - открывается страница https://accounts.google.com
23:56:02,987  INFO LoginPageSteps:56 - поле "имя" заполнено
23:56:03,635  INFO LoginPageSteps:61 - поле "пароль" заполнено
23:56:14,521  INFO LoginPageSteps:106 - создание экземпляра mainPage
23:56:15,643  INFO LoginPageSteps:118 - проверка значения prltestmail1@gmail.com
23:56:15,677  INFO LoginPageSteps:126 - создание нового письма
23:56:16,894  INFO LoginPageSteps:136 - заполнение поля получатель
23:56:17,047  INFO LoginPageSteps:140 - заполнение поля тема
23:56:17,518  INFO LoginPageSteps:144 - заполнение поля сообщение
23:56:17,615  INFO LoginPageSteps:160 - переход в раздел "черновики"
23:57:27,713  INFO LoginPageSteps:44 - создание экземпляра loginPage
23:57:31,159  INFO LoginPageSteps:46 - открывается страница https://accounts.google.com
23:57:31,292  INFO LoginPageSteps:56 - поле "имя" заполнено
23:57:32,141  INFO LoginPageSteps:61 - поле "пароль" заполнено
23:57:44,247  INFO LoginPageSteps:106 - создание экземпляра mainPage
23:57:45,944  INFO LoginPageSteps:118 - проверка значения prltestmail1@gmail.com
23:57:45,985  INFO LoginPageSteps:126 - создание нового письма
23:57:46,365  INFO LoginPageSteps:136 - заполнение поля получатель
23:57:46,881  INFO LoginPageSteps:140 - заполнение поля тема
23:57:47,354  INFO LoginPageSteps:144 - заполнение поля сообщение
00:30:53,670  INFO LoginPageSteps:44 - создание экземпляра loginPage
00:31:00,001  INFO LoginPageSteps:46 - открывается страница https://accounts.google.com
00:31:00,134  INFO LoginPageSteps:56 - поле "имя" заполнено
00:31:00,787  INFO LoginPageSteps:61 - поле "пароль" заполнено
00:31:15,285  INFO LoginPageSteps:106 - создание экземпляра mainPage
00:31:16,929  INFO LoginPageSteps:118 - проверка значения prltestmail1@gmail.com
00:31:16,958  INFO LoginPageSteps:126 - создание нового письма
00:31:17,714  INFO LoginPageSteps:136 - заполнение поля получатель
00:31:17,895  INFO LoginPageSteps:140 - заполнение поля тема
00:31:18,336  INFO LoginPageSteps:144 - заполнение поля сообщение
00:31:18,336  INFO LoginPageSteps:152 - закрытие формы нового письма
00:31:18,423  INFO LoginPageSteps:161 - переход в раздел "черновики"
00:34:49,519  INFO LoginPageSteps:44 - создание экземпляра loginPage
00:34:53,324  INFO LoginPageSteps:46 - открывается страница https://accounts.google.com
00:34:53,455  INFO LoginPageSteps:56 - поле "имя" заполнено
00:34:54,111  INFO LoginPageSteps:61 - поле "пароль" заполнено
00:35:07,958  INFO LoginPageSteps:105 - создание экземпляра mainPage
00:35:10,035  INFO LoginPageSteps:117 - проверка значения prltestmail1@gmail.com
00:35:10,067  INFO LoginPageSteps:125 - создание нового письма
00:35:10,788  INFO LoginPageSteps:135 - заполнение поля получатель
00:35:10,922  INFO LoginPageSteps:139 - заполнение поля тема
00:35:11,308  INFO LoginPageSteps:143 - заполнение поля сообщение
00:35:11,308  INFO LoginPageSteps:151 - закрытие формы нового письма
00:35:11,408  INFO LoginPageSteps:160 - переход в раздел "черновики"
09:02:45,747  INFO LoginPageSteps:44 - создание экземпляра loginPage
09:02:51,594  INFO LoginPageSteps:46 - открывается страница https://accounts.google.com
09:02:51,704  INFO LoginPageSteps:56 - поле "имя" заполнено
09:02:52,365  INFO LoginPageSteps:61 - поле "пароль" заполнено
09:57:22,944  INFO LoginPageSteps:44 - создание экземпляра loginPage
09:57:26,722  INFO LoginPageSteps:46 - открывается страница https://accounts.google.com
09:57:26,832  INFO LoginPageSteps:56 - поле "имя" заполнено
09:57:27,344  INFO LoginPageSteps:61 - поле "пароль" заполнено
09:58:19,039  INFO LoginPageSteps:44 - создание экземпляра loginPage
09:58:23,160  INFO LoginPageSteps:46 - открывается страница https://accounts.google.com
09:58:23,280  INFO LoginPageSteps:56 - поле "имя" заполнено
09:58:23,777  INFO LoginPageSteps:61 - поле "пароль" заполнено
11:20:28,509  INFO LoginPageSteps:44 - создание экземпляра loginPage
11:20:32,880  INFO LoginPageSteps:46 - открывается страница https://accounts.google.com
11:20:32,987  INFO LoginPageSteps:56 - поле "имя" заполнено
11:20:33,626  INFO LoginPageSteps:61 - поле "пароль" заполнено
11:22:02,388  INFO LoginPageSteps:44 - создание экземпляра loginPage
11:22:07,166  INFO LoginPageSteps:46 - открывается страница https://accounts.google.com
11:22:07,281  INFO LoginPageSteps:56 - поле "имя" заполнено
11:22:07,785  INFO LoginPageSteps:61 - поле "пароль" заполнено
11:22:08,053  INFO LoginPageSteps:105 - создание экземпляра mainPage
11:22:37,849  INFO LoginPageSteps:44 - создание экземпляра loginPage
11:22:41,805  INFO LoginPageSteps:46 - открывается страница https://accounts.google.com
11:22:41,913  INFO LoginPageSteps:56 - поле "имя" заполнено
11:22:42,664  INFO LoginPageSteps:61 - поле "пароль" заполнено
11:22:43,130  INFO LoginPageSteps:105 - создание экземпляра mainPage
11:26:48,269  INFO LoginPageSteps:44 - создание экземпляра loginPage
11:26:52,956  INFO LoginPageSteps:46 - открывается страница https://accounts.google.com
11:26:53,064  INFO LoginPageSteps:56 - поле "имя" заполнено
11:26:53,705  INFO LoginPageSteps:61 - поле "пароль" заполнено
11:27:02,652  INFO LoginPageSteps:105 - создание экземпляра mainPage
11:27:03,488  INFO LoginPageSteps:117 - проверка значения prltestmail11@gmail.com
11:27:03,514  INFO LoginPageSteps:125 - создание нового письма
11:27:03,812  INFO LoginPageSteps:135 - заполнение поля получатель
11:27:03,909  INFO LoginPageSteps:139 - заполнение поля тема
11:27:04,172  INFO LoginPageSteps:143 - заполнение поля сообщение
11:27:04,172  INFO LoginPageSteps:151 - закрытие формы нового письма
11:27:04,257  INFO LoginPageSteps:160 - переход в раздел "черновики"
11:30:59,197  INFO LoginPageSteps:44 - создание экземпляра loginPage
11:31:02,848  INFO LoginPageSteps:46 - открывается страница https://accounts.google.com
11:31:02,962  INFO LoginPageSteps:56 - поле "имя" заполнено
11:31:03,474  INFO LoginPageSteps:61 - поле "пароль" заполнено
11:31:14,238  INFO LoginPageSteps:105 - создание экземпляра mainPage
11:31:14,353  INFO LoginPageSteps:117 - проверка значения prltestmail11@gmail.com
11:31:14,382  INFO LoginPageSteps:125 - создание нового письма
11:31:35,013  INFO LoginPageSteps:44 - создание экземпляра loginPage
11:31:38,546  INFO LoginPageSteps:46 - открывается страница https://accounts.google.com
11:31:38,657  INFO LoginPageSteps:56 - поле "имя" заполнено
11:31:39,188  INFO LoginPageSteps:61 - поле "пароль" заполнено
11:31:49,884  INFO LoginPageSteps:105 - создание экземпляра mainPage
11:31:50,019  INFO LoginPageSteps:117 - проверка значения prltestmail11@gmail.com
11:31:50,857  INFO LoginPageSteps:125 - создание нового письма
11:31:51,176  INFO LoginPageSteps:135 - заполнение поля получатель
11:31:51,265  INFO LoginPageSteps:139 - заполнение поля тема
11:31:51,478  INFO LoginPageSteps:143 - заполнение поля сообщение
11:32:44,641  INFO LoginPageSteps:44 - создание экземпляра loginPage
11:32:48,092  INFO LoginPageSteps:46 - открывается страница https://accounts.google.com
11:32:48,193  INFO LoginPageSteps:56 - поле "имя" заполнено
11:32:48,754  INFO LoginPageSteps:61 - поле "пароль" заполнено
11:32:58,829  INFO LoginPageSteps:105 - создание экземпляра mainPage
11:32:59,612  INFO LoginPageSteps:117 - проверка значения prltestmail11@gmail.com
11:32:59,637  INFO LoginPageSteps:125 - создание нового письма
11:32:59,952  INFO LoginPageSteps:135 - заполнение поля получатель
11:33:00,051  INFO LoginPageSteps:139 - заполнение поля тема
11:33:00,312  INFO LoginPageSteps:143 - заполнение поля сообщение
11:37:07,590  INFO LoginPageSteps:44 - создание экземпляра loginPage
11:37:11,968  INFO LoginPageSteps:46 - открывается страница https://accounts.google.com
11:37:12,076  INFO LoginPageSteps:56 - поле "имя" заполнено
11:37:13,326  INFO LoginPageSteps:61 - поле "пароль" заполнено
11:37:22,559  INFO LoginPageSteps:105 - создание экземпляра mainPage
11:37:22,681  INFO LoginPageSteps:117 - проверка значения prltestmail11@gmail.com
11:37:22,709  INFO LoginPageSteps:125 - создание нового письма
11:37:40,838  INFO LoginPageSteps:44 - создание экземпляра loginPage
11:37:46,055  INFO LoginPageSteps:46 - открывается страница https://accounts.google.com
11:37:46,169  INFO LoginPageSteps:56 - поле "имя" заполнено
11:37:46,713  INFO LoginPageSteps:61 - поле "пароль" заполнено
11:37:55,059  INFO LoginPageSteps:105 - создание экземпляра mainPage
11:37:55,991  INFO LoginPageSteps:117 - проверка значения prltestmail11@gmail.com
11:37:56,023  INFO LoginPageSteps:125 - создание нового письма
11:37:56,336  INFO LoginPageSteps:135 - заполнение поля получатель
11:37:56,494  INFO LoginPageSteps:139 - заполнение поля тема
11:37:56,730  INFO LoginPageSteps:143 - заполнение поля сообщение
11:37:56,814  INFO LoginPageSteps:151 - закрытие формы нового письма
11:37:56,814  INFO LoginPageSteps:160 - переход в раздел "черновики"
11:40:35,215  INFO LoginPageSteps:44 - создание экземпляра loginPage
11:40:39,441  INFO LoginPageSteps:46 - открывается страница https://accounts.google.com
11:40:39,551  INFO LoginPageSteps:56 - поле "имя" заполнено
11:40:40,169  INFO LoginPageSteps:61 - поле "пароль" заполнено
11:40:49,171  INFO LoginPageSteps:103 - создание экземпляра mainPage
11:40:49,950  INFO LoginPageSteps:115 - проверка значения prltestmail11@gmail.com
11:40:49,975  INFO LoginPageSteps:123 - создание нового письма
11:40:50,291  INFO LoginPageSteps:133 - заполнение поля получатель
11:40:50,392  INFO LoginPageSteps:137 - заполнение поля тема
11:40:50,666  INFO LoginPageSteps:141 - заполнение поля сообщение
11:40:50,749  INFO LoginPageSteps:149 - закрытие формы нового письма
11:40:50,909  INFO LoginPageSteps:158 - переход в раздел "черновики"
11:42:06,962  INFO LoginPageSteps:44 - создание экземпляра loginPage
11:42:12,508  INFO LoginPageSteps:46 - открывается страница https://accounts.google.com
11:42:12,626  INFO LoginPageSteps:56 - поле "имя" заполнено
11:42:13,119  INFO LoginPageSteps:61 - поле "пароль" заполнено
11:42:21,884  INFO LoginPageSteps:103 - создание экземпляра mainPage
11:42:22,002  INFO LoginPageSteps:115 - проверка значения prltestmail11@gmail.com
11:42:22,027  INFO LoginPageSteps:123 - создание нового письма
11:42:22,304  INFO LoginPageSteps:133 - заполнение поля получатель
11:42:22,402  INFO LoginPageSteps:137 - заполнение поля тема
11:42:22,673  INFO LoginPageSteps:141 - заполнение поля сообщение
11:42:22,779  INFO LoginPageSteps:149 - закрытие формы нового письма
11:42:22,952  INFO LoginPageSteps:158 - переход в раздел "черновики"
11:50:13,366  INFO LoginPageSteps:44 - создание экземпляра loginPage
11:50:18,731  INFO LoginPageSteps:46 - открывается страница https://accounts.google.com
11:50:18,842  INFO LoginPageSteps:56 - поле "имя" заполнено
11:50:19,351  INFO LoginPageSteps:61 - поле "пароль" заполнено
11:50:28,858  INFO LoginPageSteps:103 - создание экземпляра mainPage
11:50:30,027  INFO LoginPageSteps:115 - проверка значения prltestmail11@gmail.com
11:50:30,556  INFO LoginPageSteps:123 - создание нового письма
11:50:30,854  INFO LoginPageSteps:133 - заполнение поля получатель
11:50:30,957  INFO LoginPageSteps:137 - заполнение поля тема
11:50:31,197  INFO LoginPageSteps:141 - заполнение поля сообщение
11:50:31,197  INFO LoginPageSteps:148 - закрытие формы нового письма
11:50:31,280  INFO LoginPageSteps:157 - переход в раздел "черновики"
11:50:31,440  INFO LoginPageSteps:164 - открываем последний черновик
11:54:44,832  INFO LoginPageSteps:44 - создание экземпляра loginPage
11:54:49,540  INFO LoginPageSteps:46 - открывается страница https://accounts.google.com
11:54:49,653  INFO LoginPageSteps:56 - поле "имя" заполнено
11:54:50,163  INFO LoginPageSteps:61 - поле "пароль" заполнено
11:55:00,949  INFO LoginPageSteps:103 - создание экземпляра mainPage
11:55:01,711  INFO LoginPageSteps:115 - проверка значения prltestmail11@gmail.com
11:55:02,830  INFO LoginPageSteps:123 - создание нового письма
11:55:19,363  INFO LoginPageSteps:44 - создание экземпляра loginPage
11:55:23,884  INFO LoginPageSteps:46 - открывается страница https://accounts.google.com
11:55:24,011  INFO LoginPageSteps:56 - поле "имя" заполнено
11:55:24,527  INFO LoginPageSteps:61 - поле "пароль" заполнено
11:55:35,776  INFO LoginPageSteps:103 - создание экземпляра mainPage
11:55:36,274  INFO LoginPageSteps:115 - проверка значения prltestmail11@gmail.com
11:55:38,027  INFO LoginPageSteps:123 - создание нового письма
11:57:19,205  INFO LoginPageSteps:44 - создание экземпляра loginPage
11:57:22,932  INFO LoginPageSteps:46 - открывается страница https://accounts.google.com
11:57:23,048  INFO LoginPageSteps:56 - поле "имя" заполнено
11:57:23,575  INFO LoginPageSteps:61 - поле "пароль" заполнено
11:57:32,161  INFO LoginPageSteps:103 - создание экземпляра mainPage
11:57:32,880  INFO LoginPageSteps:115 - проверка значения prltestmail11@gmail.com
11:57:32,906  INFO LoginPageSteps:123 - создание нового письма
11:57:33,238  INFO LoginPageSteps:133 - заполнение поля получатель
11:57:33,348  INFO LoginPageSteps:137 - заполнение поля тема
11:57:33,589  INFO LoginPageSteps:141 - заполнение поля сообщение
11:57:33,589  INFO LoginPageSteps:148 - закрытие формы нового письма
11:57:33,675  INFO LoginPageSteps:157 - переход в раздел "черновики"
11:57:33,846  INFO LoginPageSteps:164 - открываем последний черновик
11:57:34,726  INFO LoginPageSteps:175 - проверка поля получатель
11:58:50,026  INFO LoginPageSteps:44 - создание экземпляра loginPage
11:58:54,446  INFO LoginPageSteps:46 - открывается страница https://accounts.google.com
11:58:54,554  INFO LoginPageSteps:56 - поле "имя" заполнено
11:58:55,120  INFO LoginPageSteps:61 - поле "пароль" заполнено
11:59:04,642  INFO LoginPageSteps:103 - создание экземпляра mainPage
11:59:04,773  INFO LoginPageSteps:115 - проверка значения prltestmail11@gmail.com
11:59:04,804  INFO LoginPageSteps:123 - создание нового письма
11:59:05,143  INFO LoginPageSteps:133 - заполнение поля получатель
11:59:05,243  INFO LoginPageSteps:137 - заполнение поля тема
11:59:05,463  INFO LoginPageSteps:141 - заполнение поля сообщение
11:59:05,463  INFO LoginPageSteps:148 - закрытие формы нового письма
11:59:05,561  INFO LoginPageSteps:157 - переход в раздел "черновики"
11:59:06,805  INFO LoginPageSteps:164 - открываем последний черновик
11:59:07,131  INFO LoginPageSteps:175 - проверка поля получатель
11:59:52,391  INFO LoginPageSteps:44 - создание экземпляра loginPage
11:59:57,321  INFO LoginPageSteps:46 - открывается страница https://accounts.google.com
11:59:57,429  INFO LoginPageSteps:56 - поле "имя" заполнено
11:59:57,987  INFO LoginPageSteps:61 - поле "пароль" заполнено
12:00:07,333  INFO LoginPageSteps:103 - создание экземпляра mainPage
12:00:07,469  INFO LoginPageSteps:115 - проверка значения prltestmail11@gmail.com
12:00:07,494  INFO LoginPageSteps:123 - создание нового письма
12:00:07,792  INFO LoginPageSteps:133 - заполнение поля получатель
12:00:07,895  INFO LoginPageSteps:137 - заполнение поля тема
12:00:08,525  INFO LoginPageSteps:141 - заполнение поля сообщение
12:00:08,525  INFO LoginPageSteps:148 - закрытие формы нового письма
12:00:08,611  INFO LoginPageSteps:157 - переход в раздел "черновики"
12:00:08,762  INFO LoginPageSteps:164 - открываем последний черновик
12:00:09,673  INFO LoginPageSteps:175 - проверка поля получатель
12:00:57,597  INFO LoginPageSteps:44 - создание экземпляра loginPage
12:01:02,728  INFO LoginPageSteps:46 - открывается страница https://accounts.google.com
12:01:02,849  INFO LoginPageSteps:56 - поле "имя" заполнено
12:01:03,450  INFO LoginPageSteps:61 - поле "пароль" заполнено
12:01:13,546  INFO LoginPageSteps:103 - создание экземпляра mainPage
12:01:13,682  INFO LoginPageSteps:115 - проверка значения prltestmail11@gmail.com
12:01:13,714  INFO LoginPageSteps:123 - создание нового письма
12:01:14,013  INFO LoginPageSteps:133 - заполнение поля получатель
12:01:14,630  INFO LoginPageSteps:137 - заполнение поля тема
12:01:14,883  INFO LoginPageSteps:141 - заполнение поля сообщение
12:01:14,883  INFO LoginPageSteps:148 - закрытие формы нового письма
12:01:14,996  INFO LoginPageSteps:157 - переход в раздел "черновики"
12:01:15,156  INFO LoginPageSteps:164 - открываем последний черновик
12:01:16,326  INFO LoginPageSteps:175 - проверка поля получатель
12:02:04,282  INFO LoginPageSteps:44 - создание экземпляра loginPage
12:02:09,233  INFO LoginPageSteps:46 - открывается страница https://accounts.google.com
12:02:09,341  INFO LoginPageSteps:56 - поле "имя" заполнено
12:02:10,012  INFO LoginPageSteps:61 - поле "пароль" заполнено
12:02:19,276  INFO LoginPageSteps:103 - создание экземпляра mainPage
12:02:19,419  INFO LoginPageSteps:115 - проверка значения prltestmail11@gmail.com
12:02:19,445  INFO LoginPageSteps:123 - создание нового письма
12:02:19,750  INFO LoginPageSteps:133 - заполнение поля получатель
12:02:19,857  INFO LoginPageSteps:137 - заполнение поля тема
12:02:20,110  INFO LoginPageSteps:141 - заполнение поля сообщение
12:02:20,110  INFO LoginPageSteps:148 - закрытие формы нового письма
12:02:20,205  INFO LoginPageSteps:157 - переход в раздел "черновики"
12:02:21,018  INFO LoginPageSteps:164 - открываем последний черновик
12:02:21,751  INFO LoginPageSteps:175 - проверка поля получатель
12:05:17,667  INFO LoginPageSteps:44 - создание экземпляра loginPage
12:05:21,222  INFO LoginPageSteps:46 - открывается страница https://accounts.google.com
12:05:21,331  INFO LoginPageSteps:56 - поле "имя" заполнено
12:05:21,840  INFO LoginPageSteps:61 - поле "пароль" заполнено
12:05:30,746  INFO LoginPageSteps:103 - создание экземпляра mainPage
12:05:30,852  INFO LoginPageSteps:115 - проверка значения prltestmail11@gmail.com
12:05:30,878  INFO LoginPageSteps:123 - создание нового письма
12:05:31,204  INFO LoginPageSteps:133 - заполнение поля получатель
12:05:31,309  INFO LoginPageSteps:137 - заполнение поля тема
12:05:31,555  INFO LoginPageSteps:141 - заполнение поля сообщение
12:05:31,555  INFO LoginPageSteps:148 - закрытие формы нового письма
12:05:31,635  INFO LoginPageSteps:157 - переход в раздел "черновики"
12:05:31,806  INFO LoginPageSteps:164 - открываем последний черновик
12:05:32,709  INFO LoginPageSteps:175 - проверка поля получатель
12:06:29,826  INFO LoginPageSteps:44 - создание экземпляра loginPage
12:06:33,626  INFO LoginPageSteps:46 - открывается страница https://accounts.google.com
12:06:33,743  INFO LoginPageSteps:56 - поле "имя" заполнено
12:06:34,243  INFO LoginPageSteps:61 - поле "пароль" заполнено
12:06:42,517  INFO LoginPageSteps:103 - создание экземпляра mainPage
12:06:43,366  INFO LoginPageSteps:115 - проверка значения prltestmail11@gmail.com
12:06:43,391  INFO LoginPageSteps:123 - создание нового письма
12:06:43,694  INFO LoginPageSteps:133 - заполнение поля получатель
12:06:43,796  INFO LoginPageSteps:137 - заполнение поля тема
12:06:44,013  INFO LoginPageSteps:141 - заполнение поля сообщение
12:06:44,013  INFO LoginPageSteps:148 - закрытие формы нового письма
12:06:44,106  INFO LoginPageSteps:157 - переход в раздел "черновики"
12:06:44,279  INFO LoginPageSteps:164 - открываем последний черновик
12:06:45,345  INFO LoginPageSteps:175 - проверка поля получатель
12:07:42,202  INFO LoginPageSteps:44 - создание экземпляра loginPage
12:07:47,715  INFO LoginPageSteps:46 - открывается страница https://accounts.google.com
12:07:47,823  INFO LoginPageSteps:56 - поле "имя" заполнено
12:07:48,336  INFO LoginPageSteps:61 - поле "пароль" заполнено
12:07:56,395  INFO LoginPageSteps:103 - создание экземпляра mainPage
12:07:57,162  INFO LoginPageSteps:115 - проверка значения prltestmail11@gmail.com
12:07:57,189  INFO LoginPageSteps:123 - создание нового письма
12:07:57,492  INFO LoginPageSteps:133 - заполнение поля получатель
12:07:57,597  INFO LoginPageSteps:137 - заполнение поля тема
12:07:57,870  INFO LoginPageSteps:141 - заполнение поля сообщение
12:07:57,870  INFO LoginPageSteps:148 - закрытие формы нового письма
12:07:57,965  INFO LoginPageSteps:157 - переход в раздел "черновики"
12:07:58,120  INFO LoginPageSteps:164 - открываем последний черновик
12:07:59,250  INFO LoginPageSteps:175 - проверка поля получатель
12:08:28,920  INFO LoginPageSteps:44 - создание экземпляра loginPage
12:08:32,918  INFO LoginPageSteps:46 - открывается страница https://accounts.google.com
12:08:33,028  INFO LoginPageSteps:56 - поле "имя" заполнено
12:08:33,531  INFO LoginPageSteps:61 - поле "пароль" заполнено
12:08:43,463  INFO LoginPageSteps:103 - создание экземпляра mainPage
12:08:43,604  INFO LoginPageSteps:115 - проверка значения prltestmail11@gmail.com
12:08:43,634  INFO LoginPageSteps:123 - создание нового письма
12:09:04,208  INFO LoginPageSteps:44 - создание экземпляра loginPage
12:09:08,201  INFO LoginPageSteps:46 - открывается страница https://accounts.google.com
12:09:08,310  INFO LoginPageSteps:56 - поле "имя" заполнено
12:09:08,838  INFO LoginPageSteps:61 - поле "пароль" заполнено
12:09:18,303  INFO LoginPageSteps:103 - создание экземпляра mainPage
12:09:18,417  INFO LoginPageSteps:115 - проверка значения prltestmail11@gmail.com
12:09:18,447  INFO LoginPageSteps:123 - создание нового письма
12:09:18,773  INFO LoginPageSteps:133 - заполнение поля получатель
12:09:18,872  INFO LoginPageSteps:137 - заполнение поля тема
12:09:19,461  INFO LoginPageSteps:141 - заполнение поля сообщение
12:09:19,461  INFO LoginPageSteps:148 - закрытие формы нового письма
12:09:19,557  INFO LoginPageSteps:157 - переход в раздел "черновики"
12:09:19,793  INFO LoginPageSteps:164 - открываем последний черновик
12:09:20,669  INFO LoginPageSteps:175 - проверка поля получатель
12:09:53,956  INFO LoginPageSteps:44 - создание экземпляра loginPage
12:09:58,000  INFO LoginPageSteps:46 - открывается страница https://accounts.google.com
12:09:58,112  INFO LoginPageSteps:56 - поле "имя" заполнено
12:09:58,651  INFO LoginPageSteps:61 - поле "пароль" заполнено
12:10:07,806  INFO LoginPageSteps:103 - создание экземпляра mainPage
12:10:07,948  INFO LoginPageSteps:115 - проверка значения prltestmail11@gmail.com
12:10:07,977  INFO LoginPageSteps:123 - создание нового письма
12:10:08,280  INFO LoginPageSteps:133 - заполнение поля получатель
12:10:08,380  INFO LoginPageSteps:137 - заполнение поля тема
12:10:08,611  INFO LoginPageSteps:141 - заполнение поля сообщение
12:10:08,611  INFO LoginPageSteps:148 - закрытие формы нового письма
12:10:08,699  INFO LoginPageSteps:157 - переход в раздел "черновики"
12:10:08,876  INFO LoginPageSteps:164 - открываем последний черновик
12:10:09,956  INFO LoginPageSteps:175 - проверка поля получатель
12:10:58,083  INFO LoginPageSteps:44 - создание экземпляра loginPage
12:11:03,439  INFO LoginPageSteps:46 - открывается страница https://accounts.google.com
12:11:03,560  INFO LoginPageSteps:56 - поле "имя" заполнено
12:11:04,062  INFO LoginPageSteps:61 - поле "пароль" заполнено
12:11:13,300  INFO LoginPageSteps:103 - создание экземпляра mainPage
12:11:13,408  INFO LoginPageSteps:115 - проверка значения prltestmail11@gmail.com
12:11:13,433  INFO LoginPageSteps:123 - создание нового письма
12:11:13,772  INFO LoginPageSteps:133 - заполнение поля получатель
12:11:13,884  INFO LoginPageSteps:137 - заполнение поля тема
12:11:14,102  INFO LoginPageSteps:141 - заполнение поля сообщение
12:11:14,103  INFO LoginPageSteps:148 - закрытие формы нового письма
12:11:14,193  INFO LoginPageSteps:157 - переход в раздел "черновики"
12:11:14,364  INFO LoginPageSteps:164 - открываем последний черновик
12:11:15,330  INFO LoginPageSteps:175 - проверка поля получатель
12:19:27,072  INFO LoginPageSteps:44 - создание экземпляра loginPage
12:19:31,145  INFO LoginPageSteps:46 - открывается страница https://accounts.google.com
12:19:31,254  INFO LoginPageSteps:56 - поле "имя" заполнено
12:19:31,796  INFO LoginPageSteps:61 - поле "пароль" заполнено
12:19:40,238  INFO LoginPageSteps:103 - создание экземпляра mainPage
12:19:40,628  INFO LoginPageSteps:115 - проверка значения prltestmail11@gmail.com
12:19:41,058  INFO LoginPageSteps:123 - создание нового письма
12:19:41,404  INFO LoginPageSteps:133 - заполнение поля получатель
12:19:41,506  INFO LoginPageSteps:137 - заполнение поля тема
12:19:41,783  INFO LoginPageSteps:141 - заполнение поля сообщение
12:19:41,783  INFO LoginPageSteps:148 - закрытие формы нового письма
12:19:41,866  INFO LoginPageSteps:157 - переход в раздел "черновики"
12:19:42,039  INFO LoginPageSteps:164 - открываем последний черновик
12:19:43,021  INFO LoginPageSteps:175 - проверка поля получатель
14:17:53,274  INFO LoginPageSteps:44 - создание экземпляра loginPage
14:17:57,916  INFO LoginPageSteps:46 - открывается страница https://accounts.google.com
14:17:58,025  INFO LoginPageSteps:56 - поле "имя" заполнено
14:17:58,544  INFO LoginPageSteps:61 - поле "пароль" заполнено
14:18:07,596  INFO LoginPageSteps:103 - создание экземпляра mainPage
14:18:07,729  INFO LoginPageSteps:115 - проверка значения prltestmail11@gmail.com
14:18:09,444  INFO LoginPageSteps:123 - создание нового письма
14:18:11,191  INFO LoginPageSteps:157 - переход в раздел "черновики"
15:14:56,593  INFO LoginPageSteps:44 - создание экземпляра loginPage
15:15:01,075  INFO LoginPageSteps:46 - открывается страница https://accounts.google.com
15:15:01,192  INFO LoginPageSteps:56 - поле "имя" заполнено
15:15:01,901  INFO LoginPageSteps:61 - поле "пароль" заполнено
15:15:11,720  INFO LoginPageSteps:103 - создание экземпляра mainPage
15:15:11,850  INFO LoginPageSteps:115 - проверка значения prltestmail11@gmail.com
15:15:13,552  INFO LoginPageSteps:123 - создание нового письма
15:36:56,171  INFO LoginPageSteps:44 - создание экземпляра loginPage
15:37:00,567  INFO LoginPageSteps:46 - открывается страница https://accounts.google.com
15:37:00,675  INFO LoginPageSteps:56 - поле "имя" заполнено
15:37:01,351  INFO LoginPageSteps:61 - поле "пароль" заполнено
15:37:10,335  INFO LoginPageSteps:103 - создание экземпляра mainPage
15:37:11,181  INFO LoginPageSteps:115 - проверка значения prltestmail11@gmail.com
15:37:12,311  INFO LoginPageSteps:123 - создание нового письма
15:38:55,777  INFO LoginPageSteps:47 - создание экземпляра loginPage
15:39:00,390  INFO LoginPageSteps:49 - открывается страница https://accounts.google.com
15:39:00,503  INFO LoginPageSteps:59 - поле "имя" заполнено
15:39:01,070  INFO LoginPageSteps:64 - поле "пароль" заполнено
15:39:09,519  INFO LoginPageSteps:106 - создание экземпляра mainPage
15:39:10,579  INFO LoginPageSteps:118 - проверка значения prltestmail11@gmail.com
15:39:11,691  INFO LoginPageSteps:126 - создание нового письма
15:43:09,206  INFO LoginPageSteps:47 - создание экземпляра loginPage
15:43:13,487  INFO LoginPageSteps:49 - открывается страница https://accounts.google.com
15:43:13,602  INFO LoginPageSteps:59 - поле "имя" заполнено
15:43:14,113  INFO LoginPageSteps:64 - поле "пароль" заполнено
15:43:23,012  INFO LoginPageSteps:106 - создание экземпляра mainPage
15:43:23,534  INFO LoginPageSteps:118 - проверка значения prltestmail11@gmail.com
15:43:23,566  INFO LoginPageSteps:126 - создание нового письма
15:45:18,706  INFO LoginPageSteps:45 - создание экземпляра loginPage
15:45:22,157  INFO LoginPageSteps:47 - открывается страница https://accounts.google.com
15:45:22,280  INFO LoginPageSteps:57 - поле "имя" заполнено
15:45:22,787  INFO LoginPageSteps:62 - поле "пароль" заполнено
15:45:33,110  INFO LoginPageSteps:104 - создание экземпляра mainPage
15:45:33,230  INFO LoginPageSteps:116 - проверка значения prltestmail11@gmail.com
15:50:58,915  INFO LoginPageSteps:52 - создание экземпляра loginPage
15:51:03,058  INFO LoginPageSteps:54 - открывается страница https://accounts.google.com
15:51:03,174  INFO LoginPageSteps:68 - поле "имя" заполнено
15:51:03,657  INFO LoginPageSteps:73 - поле "пароль" заполнено
15:51:12,449  INFO LoginPageSteps:115 - создание экземпляра mainPage
15:51:13,240  INFO LoginPageSteps:127 - проверка значения prltestmail11@gmail.com
16:41:04,578  INFO LoginPageSteps:48 - создание экземпляра loginPage
16:41:08,811  INFO LoginPageSteps:50 - открывается страница https://accounts.google.com
16:41:08,936  INFO LoginPageSteps:66 - поле "имя" заполнено
16:41:09,444  INFO LoginPageSteps:71 - поле "пароль" заполнено
16:41:19,126  INFO LoginPageSteps:113 - создание экземпляра mainPage
16:41:19,252  INFO LoginPageSteps:125 - проверка значения prltestmail11@gmail.com
16:41:19,279  INFO LoginPageSteps:133 - создание нового письма
16:41:19,676  INFO LoginPageSteps:143 - заполнение поля получатель
16:41:19,784  INFO LoginPageSteps:147 - заполнение поля тема
16:41:20,029  INFO LoginPageSteps:151 - заполнение поля сообщение
16:41:20,029  INFO LoginPageSteps:158 - закрытие формы нового письма
16:41:20,933  INFO LoginPageSteps:167 - переход в раздел "черновики"
16:41:21,011  INFO LoginPageSteps:174 - открываем последний черновик
16:41:45,254  INFO LoginPageSteps:48 - создание экземпляра loginPage
16:41:49,134  INFO LoginPageSteps:50 - открывается страница https://accounts.google.com
16:41:49,243  INFO LoginPageSteps:66 - поле "имя" заполнено
16:41:49,832  INFO LoginPageSteps:71 - поле "пароль" заполнено
16:41:59,361  INFO LoginPageSteps:113 - создание экземпляра mainPage
16:41:59,489  INFO LoginPageSteps:125 - проверка значения prltestmail11@gmail.com
16:41:59,519  INFO LoginPageSteps:133 - создание нового письма
16:42:20,368  INFO LoginPageSteps:48 - создание экземпляра loginPage
16:42:24,569  INFO LoginPageSteps:50 - открывается страница https://accounts.google.com
16:42:24,687  INFO LoginPageSteps:66 - поле "имя" заполнено
16:42:25,235  INFO LoginPageSteps:71 - поле "пароль" заполнено
16:42:34,233  INFO LoginPageSteps:113 - создание экземпляра mainPage
16:42:34,359  INFO LoginPageSteps:125 - проверка значения prltestmail11@gmail.com
16:42:34,387  INFO LoginPageSteps:133 - создание нового письма
16:42:34,689  INFO LoginPageSteps:143 - заполнение поля получатель
16:42:34,784  INFO LoginPageSteps:147 - заполнение поля тема
16:42:35,076  INFO LoginPageSteps:151 - заполнение поля сообщение
16:42:35,076  INFO LoginPageSteps:158 - закрытие формы нового письма
16:42:35,158  INFO LoginPageSteps:167 - переход в раздел "черновики"
16:42:35,318  INFO LoginPageSteps:174 - открываем последний черновик
16:42:36,388  INFO LoginPageSteps:185 - проверка поля получатель
16:43:15,721  INFO LoginPageSteps:48 - создание экземпляра loginPage
16:43:20,484  INFO LoginPageSteps:50 - открывается страница https://accounts.google.com
16:43:20,593  INFO LoginPageSteps:66 - поле "имя" заполнено
16:43:21,130  INFO LoginPageSteps:71 - поле "пароль" заполнено
16:43:29,433  INFO LoginPageSteps:113 - создание экземпляра mainPage
16:43:30,255  INFO LoginPageSteps:125 - проверка значения prltestmail11@gmail.com
16:43:30,284  INFO LoginPageSteps:133 - создание нового письма
16:43:30,603  INFO LoginPageSteps:143 - заполнение поля получатель
16:43:30,704  INFO LoginPageSteps:147 - заполнение поля тема
16:43:30,951  INFO LoginPageSteps:151 - заполнение поля сообщение
16:43:30,952  INFO LoginPageSteps:158 - закрытие формы нового письма
16:43:31,042  INFO LoginPageSteps:167 - переход в раздел "черновики"
16:43:31,652  INFO LoginPageSteps:174 - открываем последний черновик
16:43:32,177  INFO LoginPageSteps:185 - проверка поля получатель
16:47:25,891  INFO LoginPageSteps:48 - создание экземпляра loginPage
16:47:35,460  INFO LoginPageSteps:50 - открывается страница https://accounts.google.com
16:47:35,566  INFO LoginPageSteps:66 - поле "имя" заполнено
16:47:36,826  INFO LoginPageSteps:71 - поле "пароль" заполнено
16:47:55,113  INFO LoginPageSteps:113 - создание экземпляра mainPage
16:47:55,255  INFO LoginPageSteps:125 - проверка значения prltestmail11@gmail.com
16:47:55,280  INFO LoginPageSteps:133 - создание нового письма
16:48:20,275  INFO LoginPageSteps:48 - создание экземпляра loginPage
16:48:24,221  INFO LoginPageSteps:50 - открывается страница https://accounts.google.com
16:48:24,334  INFO LoginPageSteps:66 - поле "имя" заполнено
16:48:24,843  INFO LoginPageSteps:71 - поле "пароль" заполнено
16:48:35,352  INFO LoginPageSteps:113 - создание экземпляра mainPage
16:48:35,466  INFO LoginPageSteps:125 - проверка значения prltestmail11@gmail.com
16:48:35,492  INFO LoginPageSteps:133 - создание нового письма
16:48:36,353  INFO LoginPageSteps:143 - заполнение поля получатель
16:48:36,465  INFO LoginPageSteps:147 - заполнение поля тема
16:48:36,689  INFO LoginPageSteps:151 - заполнение поля сообщение
16:48:36,689  INFO LoginPageSteps:158 - закрытие формы нового письма
16:48:36,793  INFO LoginPageSteps:167 - переход в раздел "черновики"
16:48:36,978  INFO LoginPageSteps:174 - открываем последний черновик
16:48:39,531  INFO LoginPageSteps:185 - проверка поля получатель
16:49:57,412  INFO LoginPageSteps:48 - создание экземпляра loginPage
16:50:03,865  INFO LoginPageSteps:50 - открывается страница https://accounts.google.com
16:50:03,979  INFO LoginPageSteps:66 - поле "имя" заполнено
16:50:04,545  INFO LoginPageSteps:71 - поле "пароль" заполнено
16:50:14,037  INFO LoginPageSteps:113 - создание экземпляра mainPage
16:50:14,464  INFO LoginPageSteps:125 - проверка значения prltestmail11@gmail.com
16:50:14,866  INFO LoginPageSteps:133 - создание нового письма
16:50:15,170  INFO LoginPageSteps:143 - заполнение поля получатель
16:50:16,086  INFO LoginPageSteps:147 - заполнение поля тема
16:50:16,329  INFO LoginPageSteps:151 - заполнение поля сообщение
16:50:16,330  INFO LoginPageSteps:158 - закрытие формы нового письма
16:50:47,934  INFO LoginPageSteps:48 - создание экземпляра loginPage
16:50:52,099  INFO LoginPageSteps:50 - открывается страница https://accounts.google.com
16:50:52,212  INFO LoginPageSteps:66 - поле "имя" заполнено
16:50:52,747  INFO LoginPageSteps:71 - поле "пароль" заполнено
16:51:00,692  INFO LoginPageSteps:113 - создание экземпляра mainPage
16:51:01,117  INFO LoginPageSteps:125 - проверка значения prltestmail11@gmail.com
16:51:01,499  INFO LoginPageSteps:133 - создание нового письма
16:51:01,824  INFO LoginPageSteps:143 - заполнение поля получатель
16:51:01,925  INFO LoginPageSteps:147 - заполнение поля тема
16:51:02,179  INFO LoginPageSteps:151 - заполнение поля сообщение
16:51:02,180  INFO LoginPageSteps:158 - закрытие формы нового письма
16:51:02,271  INFO LoginPageSteps:167 - переход в раздел "черновики"
16:51:02,446  INFO LoginPageSteps:174 - открываем последний черновик
16:51:03,654  INFO LoginPageSteps:185 - проверка поля получатель
16:56:05,533  INFO LoginPageSteps:46 - создание экземпляра loginPage
16:56:11,359  INFO LoginPageSteps:48 - открывается страница https://accounts.google.com
16:56:11,470  INFO LoginPageSteps:64 - поле "имя" заполнено
16:56:12,033  INFO LoginPageSteps:69 - поле "пароль" заполнено
16:56:21,104  INFO LoginPageSteps:111 - создание экземпляра mainPage
16:56:21,879  INFO LoginPageSteps:123 - проверка значения prltestmail11@gmail.com
16:56:21,905  INFO CreateMessageSteps:17 - создание нового письма
16:56:22,297  INFO CreateMessageSteps:27 - заполнение поля получатель
16:56:22,395  INFO CreateMessageSteps:31 - заполнение поля тема
16:56:22,639  INFO CreateMessageSteps:35 - заполнение поля сообщение
16:56:22,640  INFO CreateMessageSteps:42 - закрытие формы нового письма
16:56:22,733  INFO LoginPageSteps:135 - переход в раздел "черновики"
16:56:23,486  INFO LoginPageSteps:142 - открываем последний черновик
16:56:23,859  INFO LoginPageSteps:153 - проверка поля получатель
16:59:44,904  INFO LoginPageSteps:46 - создание экземпляра loginPage
16:59:49,377  INFO LoginPageSteps:48 - открывается страница https://accounts.google.com
16:59:49,480  INFO LoginPageSteps:64 - поле "имя" заполнено
16:59:49,998  INFO LoginPageSteps:69 - поле "пароль" заполнено
16:59:59,304  INFO LoginPageSteps:111 - создание экземпляра mainPage
16:59:59,414  INFO LoginPageSteps:123 - проверка значения prltestmail11@gmail.com
16:59:59,447  INFO CreateMessageSteps:17 - создание нового письма
16:59:59,763  INFO CreateMessageSteps:27 - заполнение поля получатель
16:59:59,859  INFO CreateMessageSteps:31 - заполнение поля тема
17:00:00,090  INFO CreateMessageSteps:35 - заполнение поля сообщение
17:00:00,090  INFO CreateMessageSteps:42 - закрытие формы нового письма
17:00:00,174  INFO OpenDraftSessageSteps:16 - переход в раздел "черновики"
17:00:00,330  INFO OpenDraftSessageSteps:23 - открываем последний черновик
17:00:01,354  INFO OpenDraftSessageSteps:34 - проверка поля получатель
17:07:38,651  INFO LoginPageSteps:46 - создание экземпляра loginPage
17:07:43,218  INFO LoginPageSteps:48 - открывается страница https://accounts.google.com
17:07:43,344  INFO LoginPageSteps:64 - поле "имя" заполнено
17:07:43,850  INFO LoginPageSteps:69 - поле "пароль" заполнено
17:07:55,190  INFO LoginPageSteps:111 - создание экземпляра mainPage
17:07:55,331  INFO LoginPageSteps:123 - проверка значения prltestmail11@gmail.com
17:07:55,357  INFO CreateMessageSteps:17 - создание нового письма
17:07:56,188  INFO CreateMessageSteps:27 - заполнение поля получатель
17:07:56,304  INFO CreateMessageSteps:31 - заполнение поля тема
17:07:56,529  INFO CreateMessageSteps:35 - заполнение поля сообщение
17:07:56,529  INFO CreateMessageSteps:42 - закрытие формы нового письма
17:10:09,896  INFO LoginPageSteps:46 - создание экземпляра loginPage
17:10:14,009  INFO LoginPageSteps:48 - открывается страница https://accounts.google.com
17:10:14,126  INFO LoginPageSteps:64 - поле "имя" заполнено
17:10:14,671  INFO LoginPageSteps:69 - поле "пароль" заполнено
17:10:24,864  INFO LoginPageSteps:111 - создание экземпляра mainPage
17:10:24,972  INFO LoginPageSteps:123 - проверка значения prltestmail11@gmail.com
17:10:25,001  INFO CreateMessageSteps:17 - создание нового письма
17:10:25,293  INFO CreateMessageSteps:27 - заполнение поля получатель
17:10:25,393  INFO CreateMessageSteps:31 - заполнение поля тема
17:10:25,662  INFO CreateMessageSteps:35 - заполнение поля сообщение
17:10:25,662  INFO CreateMessageSteps:42 - закрытие формы нового письма
17:10:26,299  INFO OpenDraftMessageSteps:16 - переход в раздел "черновики"
17:10:26,397  INFO OpenDraftMessageSteps:23 - открываем последний черновик
17:10:27,511  INFO OpenDraftMessageSteps:34 - проверка поля получатель
17:12:21,620  INFO LoginPageSteps:46 - создание экземпляра loginPage
17:12:25,881  INFO LoginPageSteps:48 - открывается страница https://accounts.google.com
17:12:25,994  INFO LoginPageSteps:64 - поле "имя" заполнено
17:12:26,504  INFO LoginPageSteps:69 - поле "пароль" заполнено
17:12:34,508  INFO LoginPageSteps:111 - создание экземпляра mainPage
17:12:35,307  INFO LoginPageSteps:123 - проверка значения prltestmail11@gmail.com
17:12:35,333  INFO CreateMessageSteps:17 - создание нового письма
17:12:35,642  INFO CreateMessageSteps:27 - заполнение поля получатель
17:12:35,758  INFO CreateMessageSteps:31 - заполнение поля тема
17:12:36,009  INFO CreateMessageSteps:35 - заполнение поля сообщение
17:12:36,010  INFO CreateMessageSteps:42 - закрытие формы нового письма
17:12:36,090  INFO OpenDraftMessageSteps:16 - переход в раздел "черновики"
17:12:36,277  INFO OpenDraftMessageSteps:23 - открываем последний черновик
17:12:37,441  INFO OpenDraftMessageSteps:34 - проверка поля получатель
17:12:52,550  INFO LoginPageSteps:46 - создание экземпляра loginPage
17:12:56,484  INFO LoginPageSteps:48 - открывается страница https://accounts.google.com
17:12:56,597  INFO LoginPageSteps:64 - поле "имя" заполнено
17:12:57,120  INFO LoginPageSteps:69 - поле "пароль" заполнено
17:13:06,865  INFO LoginPageSteps:111 - создание экземпляра mainPage
17:13:07,095  INFO LoginPageSteps:123 - проверка значения prltestmail11@gmail.com
17:13:07,123  INFO CreateMessageSteps:17 - создание нового письма
17:13:22,832  INFO LoginPageSteps:46 - создание экземпляра loginPage
17:13:26,247  INFO LoginPageSteps:48 - открывается страница https://accounts.google.com
17:13:26,363  INFO LoginPageSteps:64 - поле "имя" заполнено
17:13:26,883  INFO LoginPageSteps:69 - поле "пароль" заполнено
17:13:36,804  INFO LoginPageSteps:111 - создание экземпляра mainPage
17:13:36,981  INFO LoginPageSteps:123 - проверка значения prltestmail11@gmail.com
17:13:37,008  INFO CreateMessageSteps:17 - создание нового письма
17:13:37,304  INFO CreateMessageSteps:27 - заполнение поля получатель
17:13:38,117  INFO CreateMessageSteps:31 - заполнение поля тема
17:13:38,351  INFO CreateMessageSteps:35 - заполнение поля сообщение
17:13:38,351  INFO CreateMessageSteps:42 - закрытие формы нового письма
17:16:27,788  INFO LoginPageSteps:46 - создание экземпляра loginPage
17:16:32,959  INFO LoginPageSteps:48 - открывается страница https://accounts.google.com
17:16:33,069  INFO LoginPageSteps:64 - поле "имя" заполнено
17:16:33,571  INFO LoginPageSteps:69 - поле "пароль" заполнено
17:16:44,439  INFO LoginPageSteps:111 - создание экземпляра mainPage
17:16:44,616  INFO LoginPageSteps:123 - проверка значения prltestmail11@gmail.com
17:16:44,647  INFO CreateMessageSteps:17 - создание нового письма
17:16:45,515  INFO CreateMessageSteps:27 - заполнение поля получатель
17:16:45,620  INFO CreateMessageSteps:31 - заполнение поля тема
17:16:45,962  INFO CreateMessageSteps:35 - заполнение поля сообщение
17:16:45,963  INFO CreateMessageSteps:42 - закрытие формы нового письма
17:16:46,060  INFO OpenDraftMessageSteps:16 - переход в раздел "черновики"
17:16:46,221  INFO OpenDraftMessageSteps:23 - открываем последний черновик
17:16:47,249  INFO OpenDraftMessageSteps:34 - проверка поля получатель
17:18:08,560  INFO LoginPageSteps:46 - создание экземпляра loginPage
17:18:12,884  INFO LoginPageSteps:48 - открывается страница https://accounts.google.com
17:18:12,995  INFO LoginPageSteps:64 - поле "имя" заполнено
17:18:13,695  INFO LoginPageSteps:69 - поле "пароль" заполнено
17:18:23,548  INFO LoginPageSteps:111 - создание экземпляра mainPage
17:18:23,665  INFO LoginPageSteps:123 - проверка значения prltestmail11@gmail.com
17:18:23,695  INFO CreateMessageSteps:17 - создание нового письма
17:18:23,990  INFO CreateMessageSteps:27 - заполнение поля получатель
17:18:24,087  INFO CreateMessageSteps:31 - заполнение поля тема
17:18:24,351  INFO CreateMessageSteps:35 - заполнение поля сообщение
17:18:24,352  INFO CreateMessageSteps:42 - закрытие формы нового письма
17:18:24,495  INFO OpenDraftMessageSteps:16 - переход в раздел "черновики"
17:18:24,649  INFO OpenDraftMessageSteps:23 - открываем последний черновик
17:18:25,600  INFO OpenDraftMessageSteps:34 - проверка поля получатель
17:27:02,542  INFO LoginPageSteps:46 - создание экземпляра loginPage
17:27:06,608  INFO LoginPageSteps:48 - открывается страница https://accounts.google.com
17:27:06,723  INFO LoginPageSteps:64 - поле "имя" заполнено
17:27:07,265  INFO LoginPageSteps:69 - поле "пароль" заполнено
17:27:16,093  INFO LoginPageSteps:111 - создание экземпляра mainPage
17:27:16,933  INFO LoginPageSteps:123 - проверка значения prltestmail11@gmail.com
17:27:16,990  INFO CreateMessageSteps:17 - создание нового письма
17:27:17,301  INFO CreateMessageSteps:27 - заполнение поля получатель
17:27:17,395  INFO CreateMessageSteps:31 - заполнение поля тема
17:27:18,067  INFO CreateMessageSteps:35 - заполнение поля сообщение
17:27:18,067  INFO CreateMessageSteps:42 - закрытие формы нового письма
17:27:18,157  INFO OpenDraftMessageSteps:16 - переход в раздел "черновики"
17:27:18,339  INFO OpenDraftMessageSteps:23 - открываем последний черновик
17:27:19,406  INFO OpenDraftMessageSteps:34 - проверка поля получатель
17:30:27,707  INFO LoginPageSteps:46 - создание экземпляра loginPage
17:30:31,627  INFO LoginPageSteps:48 - открывается страница https://accounts.google.com
17:30:31,744  INFO LoginPageSteps:64 - поле "имя" заполнено
17:30:32,288  INFO LoginPageSteps:69 - поле "пароль" заполнено
17:30:43,070  INFO LoginPageSteps:111 - создание экземпляра mainPage
17:30:44,156  INFO LoginPageSteps:123 - проверка значения prltestmail11@gmail.com
17:30:44,188  INFO CreateMessageSteps:17 - создание нового письма
17:31:00,490  INFO LoginPageSteps:46 - создание экземпляра loginPage
17:31:03,955  INFO LoginPageSteps:48 - открывается страница https://accounts.google.com
17:31:04,068  INFO LoginPageSteps:64 - поле "имя" заполнено
17:31:04,852  INFO LoginPageSteps:69 - поле "пароль" заполнено
17:31:14,157  INFO LoginPageSteps:111 - создание экземпляра mainPage
17:31:15,183  INFO LoginPageSteps:123 - проверка значения prltestmail11@gmail.com
17:31:15,212  INFO CreateMessageSteps:17 - создание нового письма
17:31:15,515  INFO CreateMessageSteps:27 - заполнение поля получатель
17:31:16,074  INFO CreateMessageSteps:31 - заполнение поля тема
17:31:16,319  INFO CreateMessageSteps:35 - заполнение поля сообщение
17:31:16,319  INFO CreateMessageSteps:42 - закрытие формы нового письма
17:31:16,401  INFO OpenDraftMessageSteps:16 - переход в раздел "черновики"
17:31:16,560  INFO OpenDraftMessageSteps:23 - открываем последний черновик
17:31:17,626  INFO OpenDraftMessageSteps:34 - проверка поля получатель
17:32:12,337  INFO LoginPageSteps:46 - создание экземпляра loginPage
17:32:17,155  INFO LoginPageSteps:48 - открывается страница https://accounts.google.com
17:32:17,264  INFO LoginPageSteps:64 - поле "имя" заполнено
17:32:17,771  INFO LoginPageSteps:69 - поле "пароль" заполнено
17:32:26,885  INFO LoginPageSteps:111 - создание экземпляра mainPage
17:32:27,627  INFO LoginPageSteps:123 - проверка значения prltestmail11@gmail.com
17:32:27,654  INFO CreateMessageSteps:17 - создание нового письма
17:32:28,050  INFO CreateMessageSteps:27 - заполнение поля получатель
17:32:28,724  INFO CreateMessageSteps:31 - заполнение поля тема
17:32:28,986  INFO CreateMessageSteps:35 - заполнение поля сообщение
17:32:28,986  INFO CreateMessageSteps:42 - закрытие формы нового письма
17:32:29,071  INFO OpenDraftMessageSteps:16 - переход в раздел "черновики"
17:32:29,236  INFO OpenDraftMessageSteps:23 - открываем последний черновик
17:32:30,430  INFO OpenDraftMessageSteps:34 - проверка поля получатель
17:44:01,028  INFO LoginPageSteps:46 - создание экземпляра loginPage
17:44:06,995  INFO LoginPageSteps:48 - открывается страница https://accounts.google.com
17:44:07,108  INFO LoginPageSteps:64 - поле "имя" заполнено
17:44:07,638  INFO LoginPageSteps:69 - поле "пароль" заполнено
17:44:17,842  INFO LoginPageSteps:111 - создание экземпляра mainPage
17:44:17,952  INFO LoginPageSteps:123 - проверка значения prltestmail11@gmail.com
17:44:17,978  INFO CreateMessageSteps:17 - создание нового письма
17:44:18,724  INFO CreateMessageSteps:27 - заполнение поля получатель
17:44:18,832  INFO CreateMessageSteps:31 - заполнение поля тема
17:44:19,055  INFO CreateMessageSteps:35 - заполнение поля сообщение
17:44:19,055  INFO CreateMessageSteps:42 - закрытие формы нового письма
17:44:19,137  INFO OpenDraftMessageSteps:16 - переход в раздел "черновики"
17:44:19,311  INFO OpenDraftMessageSteps:23 - открываем последний черновик
17:44:20,334  INFO OpenDraftMessageSteps:34 - проверка поля получатель
17:45:06,820  INFO LoginPageSteps:46 - создание экземпляра loginPage
17:45:11,020  INFO LoginPageSteps:48 - открывается страница https://accounts.google.com
17:45:11,134  INFO LoginPageSteps:64 - поле "имя" заполнено
17:45:11,792  INFO LoginPageSteps:69 - поле "пароль" заполнено
17:45:21,294  INFO LoginPageSteps:111 - создание экземпляра mainPage
17:45:21,418  INFO LoginPageSteps:123 - проверка значения prltestmail11@gmail.com
17:45:21,446  INFO CreateMessageSteps:17 - создание нового письма
17:45:37,991  INFO LoginPageSteps:46 - создание экземпляра loginPage
17:45:41,890  INFO LoginPageSteps:48 - открывается страница https://accounts.google.com
17:45:42,010  INFO LoginPageSteps:64 - поле "имя" заполнено
17:45:42,522  INFO LoginPageSteps:69 - поле "пароль" заполнено
17:45:51,783  INFO LoginPageSteps:111 - создание экземпляра mainPage
17:45:51,892  INFO LoginPageSteps:123 - проверка значения prltestmail11@gmail.com
17:45:51,918  INFO CreateMessageSteps:17 - создание нового письма
17:45:52,219  INFO CreateMessageSteps:27 - заполнение поля получатель
17:45:52,314  INFO CreateMessageSteps:31 - заполнение поля тема
17:45:52,566  INFO CreateMessageSteps:35 - заполнение поля сообщение
17:45:52,567  INFO CreateMessageSteps:42 - закрытие формы нового письма
17:45:52,646  INFO OpenDraftMessageSteps:16 - переход в раздел "черновики"
17:45:52,820  INFO OpenDraftMessageSteps:23 - открываем последний черновик
17:45:53,803  INFO OpenDraftMessageSteps:34 - проверка поля получатель
